All good, switching to GPUs.
X shape: (10000, 2)
y shape: (10000, 3)
True coeficients: tensor([[1.],
        [1.]])
X training data: tensor([[0.8118, 0.6260],
        [0.5623, 0.1411],
        [0.1003, 0.8191],
        [0.2995, 0.4990]])
y training labels: tensor([[ 1.2861,  2.3941,  2.2164],
        [ 0.0484,  3.0102,  0.4869],
        [ 1.3947,  1.4097, -1.1545],
        [ 0.6235,  0.0453, -1.1136]])

NEURAL IMPLICIT DIFFERENTIATION
Number of iterations: 30
Outer variable values: [tensor([[1.1149],
        [0.7067]], device='cuda:0', requires_grad=True), tensor([[1.1149],
        [0.7067]], device='cuda:0', requires_grad=True), tensor([[1.1149],
        [0.7067]], device='cuda:0', requires_grad=True), tensor([[1.1149],
        [0.7067]], device='cuda:0', requires_grad=True), tensor([[1.1149],
        [0.7067]], device='cuda:0', requires_grad=True), tensor([[1.1149],
        [0.7067]], device='cuda:0', requires_grad=True), tensor([[1.1149],
        [0.7067]], device='cuda:0', requires_grad=True), tensor([[1.1149],
        [0.7067]], device='cuda:0', requires_grad=True), tensor([[1.1149],
        [0.7067]], device='cuda:0', requires_grad=True), tensor([[1.1149],
        [0.7067]], device='cuda:0', requires_grad=True), tensor([[1.1149],
        [0.7067]], device='cuda:0', requires_grad=True), tensor([[1.1149],
        [0.7067]], device='cuda:0', requires_grad=True), tensor([[1.1149],
        [0.7067]], device='cuda:0', requires_grad=True), tensor([[1.1149],
        [0.7067]], device='cuda:0', requires_grad=True), tensor([[1.1149],
        [0.7067]], device='cuda:0', requires_grad=True), tensor([[1.1149],
        [0.7067]], device='cuda:0', requires_grad=True), tensor([[1.1149],
        [0.7067]], device='cuda:0', requires_grad=True), tensor([[1.1149],
        [0.7067]], device='cuda:0', requires_grad=True), tensor([[1.1149],
        [0.7067]], device='cuda:0', requires_grad=True), tensor([[1.1149],
        [0.7067]], device='cuda:0', requires_grad=True), tensor([[1.1149],
        [0.7067]], device='cuda:0', requires_grad=True), tensor([[1.1149],
        [0.7067]], device='cuda:0', requires_grad=True), tensor([[1.1149],
        [0.7067]], device='cuda:0', requires_grad=True), tensor([[1.1149],
        [0.7067]], device='cuda:0', requires_grad=True), tensor([[1.1149],
        [0.7067]], device='cuda:0', requires_grad=True), tensor([[1.1149],
        [0.7067]], device='cuda:0', requires_grad=True), tensor([[1.1149],
        [0.7067]], device='cuda:0', requires_grad=True), tensor([[1.1149],
        [0.7067]], device='cuda:0', requires_grad=True), tensor([[1.1149],
        [0.7067]], device='cuda:0', requires_grad=True), tensor([[1.1149],
        [0.7067]], device='cuda:0', requires_grad=True)]
Outer loss values: [tensor(1.0525, device='cuda:0', grad_fn=<AddBackward0>), tensor(1.0573, device='cuda:0', grad_fn=<AddBackward0>), tensor(0.9140, device='cuda:0', grad_fn=<AddBackward0>), tensor(0.9607, device='cuda:0', grad_fn=<AddBackward0>), tensor(0.9311, device='cuda:0', grad_fn=<AddBackward0>), tensor(0.9811, device='cuda:0', grad_fn=<AddBackward0>), tensor(1.0026, device='cuda:0', grad_fn=<AddBackward0>), tensor(1.0676, device='cuda:0', grad_fn=<AddBackward0>), tensor(1.1505, device='cuda:0', grad_fn=<AddBackward0>), tensor(1.0297, device='cuda:0', grad_fn=<AddBackward0>), tensor(0.9564, device='cuda:0', grad_fn=<AddBackward0>), tensor(0.7501, device='cuda:0', grad_fn=<AddBackward0>), tensor(1.0485, device='cuda:0', grad_fn=<AddBackward0>), tensor(0.7765, device='cuda:0', grad_fn=<AddBackward0>), tensor(1.0809, device='cuda:0', grad_fn=<AddBackward0>), tensor(0.9048, device='cuda:0', grad_fn=<AddBackward0>), tensor(0.8575, device='cuda:0', grad_fn=<AddBackward0>), tensor(0.7686, device='cuda:0', grad_fn=<AddBackward0>), tensor(1.2638, device='cuda:0', grad_fn=<AddBackward0>), tensor(1.0565, device='cuda:0', grad_fn=<AddBackward0>), tensor(0.9592, device='cuda:0', grad_fn=<AddBackward0>), tensor(0.8532, device='cuda:0', grad_fn=<AddBackward0>), tensor(1.0564, device='cuda:0', grad_fn=<AddBackward0>), tensor(0.8337, device='cuda:0', grad_fn=<AddBackward0>), tensor(1.2232, device='cuda:0', grad_fn=<AddBackward0>), tensor(1.0761, device='cuda:0', grad_fn=<AddBackward0>), tensor(0.8865, device='cuda:0', grad_fn=<AddBackward0>), tensor(0.9155, device='cuda:0', grad_fn=<AddBackward0>), tensor(0.8882, device='cuda:0', grad_fn=<AddBackward0>), tensor(0.8182, device='cuda:0', grad_fn=<AddBackward0>)]
Average iteration time: 49.96404774188996

