All good, switching to GPUs.
X shape: (10000, 2)
y shape: (10000, 3)
True coeficients: tensor([[1.],
        [1.]])
X training data: tensor([[0.8118, 0.6260],
        [0.5623, 0.1411],
        [0.1003, 0.8191],
        [0.2995, 0.4990]])
y training labels: tensor([[ 1.2861,  2.3941,  2.2164],
        [ 0.0484,  3.0102,  0.4869],
        [ 1.3947,  1.4097, -1.1545],
        [ 0.6235,  0.0453, -1.1136]])

NEURAL IMPLICIT DIFFERENTIATION
Number of iterations: 30
Outer variable values: [tensor([[1.1122],
        [0.7104]], device='cuda:0', requires_grad=True), tensor([[1.1122],
        [0.7104]], device='cuda:0', requires_grad=True), tensor([[1.1122],
        [0.7104]], device='cuda:0', requires_grad=True), tensor([[1.1122],
        [0.7104]], device='cuda:0', requires_grad=True), tensor([[1.1122],
        [0.7104]], device='cuda:0', requires_grad=True), tensor([[1.1122],
        [0.7104]], device='cuda:0', requires_grad=True), tensor([[1.1122],
        [0.7104]], device='cuda:0', requires_grad=True), tensor([[1.1122],
        [0.7104]], device='cuda:0', requires_grad=True), tensor([[1.1122],
        [0.7104]], device='cuda:0', requires_grad=True), tensor([[1.1122],
        [0.7104]], device='cuda:0', requires_grad=True), tensor([[1.1122],
        [0.7104]], device='cuda:0', requires_grad=True), tensor([[1.1122],
        [0.7104]], device='cuda:0', requires_grad=True), tensor([[1.1122],
        [0.7104]], device='cuda:0', requires_grad=True), tensor([[1.1122],
        [0.7104]], device='cuda:0', requires_grad=True), tensor([[1.1122],
        [0.7104]], device='cuda:0', requires_grad=True), tensor([[1.1122],
        [0.7104]], device='cuda:0', requires_grad=True), tensor([[1.1122],
        [0.7104]], device='cuda:0', requires_grad=True), tensor([[1.1122],
        [0.7104]], device='cuda:0', requires_grad=True), tensor([[1.1122],
        [0.7104]], device='cuda:0', requires_grad=True), tensor([[1.1122],
        [0.7104]], device='cuda:0', requires_grad=True), tensor([[1.1122],
        [0.7104]], device='cuda:0', requires_grad=True), tensor([[1.1122],
        [0.7104]], device='cuda:0', requires_grad=True), tensor([[1.1122],
        [0.7104]], device='cuda:0', requires_grad=True), tensor([[1.1122],
        [0.7104]], device='cuda:0', requires_grad=True), tensor([[1.1122],
        [0.7104]], device='cuda:0', requires_grad=True), tensor([[1.1122],
        [0.7104]], device='cuda:0', requires_grad=True), tensor([[1.1122],
        [0.7104]], device='cuda:0', requires_grad=True), tensor([[1.1122],
        [0.7104]], device='cuda:0', requires_grad=True), tensor([[1.1122],
        [0.7104]], device='cuda:0', requires_grad=True), tensor([[1.1122],
        [0.7104]], device='cuda:0', requires_grad=True)]
Outer loss values: [tensor(1.0612, device='cuda:0', grad_fn=<AddBackward0>), tensor(1.0387, device='cuda:0', grad_fn=<AddBackward0>), tensor(0.9428, device='cuda:0', grad_fn=<AddBackward0>), tensor(0.9958, device='cuda:0', grad_fn=<AddBackward0>), tensor(0.8927, device='cuda:0', grad_fn=<AddBackward0>), tensor(0.9831, device='cuda:0', grad_fn=<AddBackward0>), tensor(0.9737, device='cuda:0', grad_fn=<AddBackward0>), tensor(1.0737, device='cuda:0', grad_fn=<AddBackward0>), tensor(1.1924, device='cuda:0', grad_fn=<AddBackward0>), tensor(1.0205, device='cuda:0', grad_fn=<AddBackward0>), tensor(0.9648, device='cuda:0', grad_fn=<AddBackward0>), tensor(0.7702, device='cuda:0', grad_fn=<AddBackward0>), tensor(1.0486, device='cuda:0', grad_fn=<AddBackward0>), tensor(0.7732, device='cuda:0', grad_fn=<AddBackward0>), tensor(1.0968, device='cuda:0', grad_fn=<AddBackward0>), tensor(0.9034, device='cuda:0', grad_fn=<AddBackward0>), tensor(0.8589, device='cuda:0', grad_fn=<AddBackward0>), tensor(0.7789, device='cuda:0', grad_fn=<AddBackward0>), tensor(1.2401, device='cuda:0', grad_fn=<AddBackward0>), tensor(1.0194, device='cuda:0', grad_fn=<AddBackward0>), tensor(0.9577, device='cuda:0', grad_fn=<AddBackward0>), tensor(0.8620, device='cuda:0', grad_fn=<AddBackward0>), tensor(1.0515, device='cuda:0', grad_fn=<AddBackward0>), tensor(0.8134, device='cuda:0', grad_fn=<AddBackward0>), tensor(1.2399, device='cuda:0', grad_fn=<AddBackward0>), tensor(1.0250, device='cuda:0', grad_fn=<AddBackward0>), tensor(0.8900, device='cuda:0', grad_fn=<AddBackward0>), tensor(0.9165, device='cuda:0', grad_fn=<AddBackward0>), tensor(0.8904, device='cuda:0', grad_fn=<AddBackward0>), tensor(0.8145, device='cuda:0', grad_fn=<AddBackward0>)]
Average iteration time: 24.342573300997415

