All good, switching to GPUs.
----------------------------------------------------------------
        Layer (type)               Output Shape         Param #
================================================================
            Conv2d-1          [-1, 8, 288, 384]             224
          Softplus-2          [-1, 8, 288, 384]               0
         AvgPool2d-3          [-1, 8, 144, 192]               0
            Conv2d-4         [-1, 16, 144, 192]           1,168
          Softplus-5         [-1, 16, 144, 192]               0
         AvgPool2d-6           [-1, 16, 72, 96]               0
            Conv2d-7            [-1, 1, 74, 98]              16
================================================================
Total params: 1,408
Trainable params: 1,408
Non-trainable params: 0
----------------------------------------------------------------
Input size (MB): 1.27
Forward/backward pass size (MB): 22.84
Params size (MB): 0.01
Estimated Total Size (MB): 24.11
----------------------------------------------------------------
Outer train iteration: 1 
Running loss: 1.9995133876800537
Outer train iteration: 2 
Running loss: 1.9071685075759888
Outer train iteration: 3 
Running loss: 1.782968004544576
Outer train iteration: 4 
Running loss: 1.7695711851119995
Outer train iteration: 5 
Running loss: 1.7191925764083862
Number of iterations: 5
Outer loss values: [1.9995133876800537, 1.9071685075759888, 1.782968004544576, 1.7695711851119995, 1.7191925764083862]
Average iteration time: 48.22023973464966

Accuracy: tensor(0.3156)
Accuracy: tensor(0.3473)
Accuracy: tensor(0.3713)
Accuracy: tensor(0.4282)
Accuracy: tensor(0.3754)
Accuracy: tensor(0.4059)
Accuracy: tensor(0.3788)
Accuracy: tensor(0.3756)
Accuracy: tensor(0.3946)
Accuracy: tensor(0.3639)
Accuracy: tensor(0.3395)
Accuracy: tensor(0.4393)
Accuracy: tensor(0.3949)
Accuracy: tensor(0.3555)
Accuracy: tensor(0.3883)
Accuracy: tensor(0.3689)
Accuracy: tensor(0.4064)
Accuracy: tensor(0.3635)
Accuracy: tensor(0.3954)
Accuracy: tensor(0.4283)
Accuracy: tensor(0.4177)
Accuracy: tensor(0.3868)
Accuracy: tensor(0.4250)
Accuracy: tensor(0.4075)
Accuracy: tensor(0.3852)
Accuracy: tensor(0.3857)
Accuracy: tensor(0.3284)
Accuracy: tensor(0.3838)
Accuracy: tensor(0.4559)
Accuracy: tensor(0.4194)
Accuracy: tensor(0.3324)
Accuracy: tensor(0.4190)
Accuracy: tensor(0.4211)
Accuracy: tensor(0.4031)
Accuracy: tensor(0.4892)
Accuracy: tensor(0.4310)
Accuracy: tensor(0.3981)
Losses for mu iteration: [1.6475895643234253, 1.60776948928833, 1.5586174329121907, 1.543768733739853, 1.5488107442855834, 1.555149753888448, 1.5210757936750139, 1.4995879977941513, 1.4966616100735135, 1.5013710021972657, 1.4890164678747004, 1.4807814558347066, 1.4744939804077148, 1.472160279750824, 1.4776151816050211, 1.4797497615218163, 1.480598575928632, 1.4850734141137865, 1.4799189253857261, 1.487953817844391, 1.4917396761122204, 1.4945557063276118, 1.497794270515442, 1.4956611841917038, 1.496207160949707, 1.5064439865259023, 1.508654859330919, 1.5121529059750694, 1.5163565504139866, 1.5249912977218627, 1.5334390094203334, 1.5557716824114323, 1.5574552615483601, 1.5609989657121546, 1.5801225866590227, 1.593517283598582, 1.5984832467259587, 1.6065971443527622, 1.604795685181251, 1.6152513593435287, 1.6221139925282175]
Accuracy: tensor(0.4547)
Accuracy: tensor(0.4460)
Accuracy: tensor(0.4119)
Accuracy: tensor(0.4460)
Accuracy: tensor(0.4571)
Accuracy: tensor(0.3661)
Accuracy: tensor(0.4217)
Accuracy: tensor(0.4337)
Accuracy: tensor(0.3671)
Accuracy: tensor(0.4846)
Accuracy: tensor(0.3692)
Accuracy: tensor(0.2674)
Accuracy: tensor(0.0693)
Accuracy: tensor(0.0707)
Accuracy: tensor(0.0939)
Accuracy: tensor(0.0745)
Accuracy: tensor(0.0535)
Accuracy: tensor(0.0280)
Accuracy: tensor(0.0352)
Accuracy: tensor(0.0186)
Accuracy: tensor(0.0291)
Accuracy: tensor(0.0311)
Accuracy: tensor(0.0823)
Accuracy: tensor(0.0232)
Accuracy: tensor(0.0104)
Accuracy: tensor(0.0004)
Accuracy: tensor(0.0430)
Accuracy: tensor(0.0440)
Accuracy: tensor(0.0617)
Accuracy: tensor(0.0348)
Accuracy: tensor(0.0207)
Accuracy: tensor(0.0790)
Accuracy: tensor(0.0520)
Accuracy: tensor(0.0366)
Accuracy: tensor(0.0287)
Accuracy: tensor(0.0732)
Accuracy: tensor(7.7505e-05)
Losses for mu iteration: [2.2583651542663574, 2.1092270016670227, 2.154314875602722, 2.2536432445049286, 2.179504060745239, 2.157854119936625, 2.1749794483184814, 2.1557826101779938, 2.154720147450765, 2.2079689264297486, 2.213389656760476, 2.2309738794962564, 2.314152552531316, 2.3437756299972534, 2.4705471197764077, 3.6501621156930923, nan, nan, nan, nan, nan, nan, nan, nan, nan, nan, nan, nan, nan, nan, nan, nan, nan, nan, nan, nan, nan, nan, nan, nan, nan]
Accuracy: tensor(0.0422)
Accuracy: tensor(0.0182)
Accuracy: tensor(0.0583)
Accuracy: tensor(0.0476)
Accuracy: tensor(0.0557)
Accuracy: tensor(0.0237)
Accuracy: tensor(0.0404)
Accuracy: tensor(0.0765)
Accuracy: tensor(0.0173)
Accuracy: tensor(0.0530)
Accuracy: tensor(0.0772)
Accuracy: tensor(0.0095)
Accuracy: tensor(0.0497)
Accuracy: tensor(0.0298)
Accuracy: tensor(0.0134)
Accuracy: tensor(0.0584)
Accuracy: tensor(0.0470)
Accuracy: tensor(0.0480)
Accuracy: tensor(0.0743)
Accuracy: tensor(0.0848)
Accuracy: tensor(0.0893)
Accuracy: tensor(0.0300)
Accuracy: tensor(0.0997)
Accuracy: tensor(0.0377)
Accuracy: tensor(0.0569)
Accuracy: tensor(0.0742)
Accuracy: tensor(0.0350)
Accuracy: tensor(0.0399)
Accuracy: tensor(0.0620)
Accuracy: tensor(0.0983)
Accuracy: tensor(0.0175)
Accuracy: tensor(0.0083)
Accuracy: tensor(0.0452)
Accuracy: tensor(0.0250)
Accuracy: tensor(0.0460)
Accuracy: tensor(0.0809)
Accuracy: tensor(0.0312)
Losses for mu iteration: [nan, nan, nan, nan, nan, nan, nan, nan, nan, nan, nan, nan, nan, nan, nan, nan, nan, nan, nan, nan, nan, nan, nan, nan, nan, nan, nan, nan, nan, nan, nan, nan, nan, nan, nan, nan, nan, nan, nan, nan, nan]
Accuracy: tensor(0.0331)
Accuracy: tensor(0.0443)
Accuracy: tensor(0.0703)
Accuracy: tensor(0.0748)
Accuracy: tensor(0.0182)
Accuracy: tensor(0.)
Accuracy: tensor(0.0458)
Accuracy: tensor(0.0402)
Accuracy: tensor(0.0551)
Accuracy: tensor(0.0407)
Accuracy: tensor(0.1014)
Accuracy: tensor(0.0151)
Accuracy: tensor(0.0995)
Accuracy: tensor(0.0649)
Accuracy: tensor(0.0203)
Accuracy: tensor(0.0791)
Accuracy: tensor(0.0550)
Accuracy: tensor(0.0145)
Accuracy: tensor(0.0440)
Accuracy: tensor(0.0260)
Accuracy: tensor(0.0349)
Accuracy: tensor(0.1129)
Accuracy: tensor(0.1048)
Accuracy: tensor(0.0340)
Accuracy: tensor(0.0623)
Accuracy: tensor(0.0785)
Accuracy: tensor(0.0351)
Accuracy: tensor(0.0784)
Accuracy: tensor(0.0773)
Accuracy: tensor(0.0967)
Accuracy: tensor(0.0292)
Accuracy: tensor(0.0435)
Accuracy: tensor(0.)
Accuracy: tensor(0.0198)
Accuracy: tensor(0.0748)
Accuracy: tensor(0.0204)
Accuracy: tensor(0.0665)
Losses for mu iteration: [nan, nan, nan, nan, nan, nan, nan, nan, nan, nan, nan, nan, nan, nan, nan, nan, nan, nan, nan, nan, nan, nan, nan, nan, nan, nan, nan, nan, nan, nan, nan, nan, nan, nan, nan, nan, nan, nan, nan, nan, nan]
Accuracy: tensor(0.0488)
Accuracy: tensor(0.0849)
Accuracy: tensor(0.0828)
Accuracy: tensor(0.0403)
Accuracy: tensor(0.0362)
Accuracy: tensor(0.0630)
Accuracy: tensor(0.0468)
Accuracy: tensor(0.0792)
Accuracy: tensor(0.0289)
Accuracy: tensor(0.0678)
Accuracy: tensor(0.0277)
Accuracy: tensor(0.0722)
Accuracy: tensor(0.0516)
Accuracy: tensor(0.0112)
Accuracy: tensor(0.0365)
Accuracy: tensor(0.0251)
Accuracy: tensor(0.0327)
Accuracy: tensor(0.0456)
Accuracy: tensor(0.0096)
Accuracy: tensor(0.0628)
Accuracy: tensor(0.0561)
Accuracy: tensor(0.0378)
Accuracy: tensor(0.0339)
Accuracy: tensor(0.1007)
Accuracy: tensor(0.0327)
Accuracy: tensor(0.0913)
Accuracy: tensor(0.0494)
Accuracy: tensor(0.0175)
Accuracy: tensor(0.0039)
Accuracy: tensor(0.0234)
Accuracy: tensor(0.0249)
Accuracy: tensor(0.0568)
Accuracy: tensor(0.0178)
Accuracy: tensor(0.0543)
Accuracy: tensor(0.0104)
Accuracy: tensor(0.1071)
Accuracy: tensor(0.)
Losses for mu iteration: [nan, nan, nan, nan, nan, nan, nan, nan, nan, nan, nan, nan, nan, nan, nan, nan, nan, nan, nan, nan, nan, nan, nan, nan, nan, nan, nan, nan, nan, nan, nan, nan, nan, nan, nan, nan, nan, nan, nan, nan, nan]
Test loss values: [1.6221139925282175, nan, nan, nan, nan]
